<?xml version="1.0" encoding="UTF-8"?>
<testsuite name="model.CircleTest" tests="2" skipped="0" failures="0" errors="0" timestamp="2021-07-12T03:56:38" hostname="MacBook-Air-Andrej.local" time="0.007">
  <properties/>
  <testcase name="Test checks the correctness of creating a shape" classname="model.CircleTest" time="0.004"/>
  <testcase name="The test checks the correctness of the output of all the necessary parameters of the shape" classname="model.CircleTest" time="0.002"/>
  <system-out><![CDATA[]]></system-out>
  <system-err><![CDATA[]]></system-err>
</testsuite>
