<?xml version="1.0" encoding="UTF-8"?>
<testsuite name="IOSystem.ConsoleWriterTest" tests="1" skipped="0" failures="0" errors="0" timestamp="2021-07-12T03:56:38" hostname="MacBook-Air-Andrej.local" time="0.031">
  <properties/>
  <testcase name="Test checks the correctness of the information output to the console" classname="IOSystem.ConsoleWriterTest" time="0.031"/>
  <system-out><![CDATA[]]></system-out>
  <system-err><![CDATA[]]></system-err>
</testsuite>
